2023-03-10 11:30:35.1833|ApiException|INFO|System.Data.SqlClient.SqlException (0x80131904): Invalid column name 'ScoreCardId'.
Invalid column name 'ScoreCardId'.
   at System.Data.SqlClient.SqlCommand.<>c.<ExecuteDbDataReaderAsync>b__126_0(Task`1 result)
   at System.Threading.Tasks.ContinuationResultTaskFromResultTask`2.InnerInvoke()
   at System.Threading.ExecutionContext.RunInternal(ExecutionContext executionContext, ContextCallback callback, Object state)
--- End of stack trace from previous location where exception was thrown ---
   at System.Threading.Tasks.Task.ExecuteWithThreadLocal(Task& currentTaskSlot, Thread threadPoolThread)
--- End of stack trace from previous location where exception was thrown ---
   at Dapper.SqlMapper.QueryAsync[T](IDbConnection cnn, Type effectiveType, CommandDefinition command) in C:\projects\dapper\Dapper\SqlMapper.Async.cs:line 419
   at BIPortalService.Utils.SqlUtil.QueryAsync[T](String sql, Object param, IDbTransaction transaction, Nullable`1 commandTimeout, Nullable`1 commandType, IDbConnection connection) in D:\work\svn\预警系统\cummins-datalake-service\BIPortalService\Utils\SqlUtil.cs:line 115
   at BIPortalService.DAL.RiskSystem.KpiDal.GetKpiList(String scoreCardId, String[] status) in D:\work\svn\预警系统\cummins-datalake-service\BIPortalService\DAL\RiskSystem\KpiDal.cs:line 77
   at BIPortalService.BLL.RiskSystem.KpiBll.GetKpiList(String scoreCardId, String status) in D:\work\svn\预警系统\cummins-datalake-service\BIPortalService\BLL\RiskSystem\KpiBll.cs:line 24
   at BIPortalService.Controllers.RiskSystem.KpiController.GetKpiList(String scoreCardId, String status) in D:\work\svn\预警系统\cummins-datalake-service\BIPortalService\Controllers\RiskSystem\KpiController.cs:line 19
   at Microsoft.AspNetCore.Mvc.Infrastructure.ActionMethodExecutor.TaskOfIActionResultExecutor.Execute(IActionResultTypeMapper mapper, ObjectMethodExecutor executor, Object controller, Object[] arguments)
   at Microsoft.AspNetCore.Mvc.Infrastructure.ControllerActionInvoker.<InvokeActionMethodAsync>g__Awaited|12_0(ControllerActionInvoker invoker, ValueTask`1 actionResultValueTask)
   at Microsoft.AspNetCore.Mvc.Infrastructure.ControllerActionInvoker.<InvokeNextActionFilterAsync>g__Awaited|10_0(ControllerActionInvoker invoker, Task lastTask, State next, Scope scope, Object state, Boolean isCompleted)
   at Microsoft.AspNetCore.Mvc.Infrastructure.ControllerActionInvoker.Rethrow(ActionExecutedContextSealed context)
   at Microsoft.AspNetCore.Mvc.Infrastructure.ControllerActionInvoker.Next(State& next, Scope& scope, Object& state, Boolean& isCompleted)
   at Microsoft.AspNetCore.Mvc.Infrastructure.ControllerActionInvoker.<InvokeInnerFilterAsync>g__Awaited|13_0(ControllerActionInvoker invoker, Task lastTask, State next, Scope scope, Object state, Boolean isCompleted)
   at Microsoft.AspNetCore.Mvc.Infrastructure.ResourceInvoker.<InvokeNextExceptionFilterAsync>g__Awaited|25_0(ResourceInvoker invoker, Task lastTask, State next, Scope scope, Object state, Boolean isCompleted)
ClientConnectionId:bcc55adf-e8bc-4aa3-8b71-4133adf26f87
Error Number:207,State:1,Class:16 
2023-03-10 11:30:35.3823|ApiException|INFO|System.Data.SqlClient.SqlException (0x80131904): Invalid column name 'ScoreCardId'.
Invalid column name 'ScoreCardId'.
   at System.Data.SqlClient.SqlCommand.<>c.<ExecuteDbDataReaderAsync>b__126_0(Task`1 result)
   at System.Threading.Tasks.ContinuationResultTaskFromResultTask`2.InnerInvoke()
   at System.Threading.ExecutionContext.RunInternal(ExecutionContext executionContext, ContextCallback callback, Object state)
--- End of stack trace from previous location where exception was thrown ---
   at System.Threading.Tasks.Task.ExecuteWithThreadLocal(Task& currentTaskSlot, Thread threadPoolThread)
--- End of stack trace from previous location where exception was thrown ---
   at Dapper.SqlMapper.QueryAsync[T](IDbConnection cnn, Type effectiveType, CommandDefinition command) in C:\projects\dapper\Dapper\SqlMapper.Async.cs:line 419
   at BIPortalService.Utils.SqlUtil.QueryAsync[T](String sql, Object param, IDbTransaction transaction, Nullable`1 commandTimeout, Nullable`1 commandType, IDbConnection connection) in D:\work\svn\预警系统\cummins-datalake-service\BIPortalService\Utils\SqlUtil.cs:line 115
   at BIPortalService.DAL.RiskSystem.KpiDal.GetKpiList(String scoreCardId, String[] status) in D:\work\svn\预警系统\cummins-datalake-service\BIPortalService\DAL\RiskSystem\KpiDal.cs:line 77
   at BIPortalService.BLL.RiskSystem.KpiBll.GetKpiList(String scoreCardId, String status) in D:\work\svn\预警系统\cummins-datalake-service\BIPortalService\BLL\RiskSystem\KpiBll.cs:line 24
   at BIPortalService.Controllers.RiskSystem.KpiController.GetKpiList(String scoreCardId, String status) in D:\work\svn\预警系统\cummins-datalake-service\BIPortalService\Controllers\RiskSystem\KpiController.cs:line 19
   at Microsoft.AspNetCore.Mvc.Infrastructure.ActionMethodExecutor.TaskOfIActionResultExecutor.Execute(IActionResultTypeMapper mapper, ObjectMethodExecutor executor, Object controller, Object[] arguments)
   at Microsoft.AspNetCore.Mvc.Infrastructure.ControllerActionInvoker.<InvokeActionMethodAsync>g__Awaited|12_0(ControllerActionInvoker invoker, ValueTask`1 actionResultValueTask)
   at Microsoft.AspNetCore.Mvc.Infrastructure.ControllerActionInvoker.<InvokeNextActionFilterAsync>g__Awaited|10_0(ControllerActionInvoker invoker, Task lastTask, State next, Scope scope, Object state, Boolean isCompleted)
   at Microsoft.AspNetCore.Mvc.Infrastructure.ControllerActionInvoker.Rethrow(ActionExecutedContextSealed context)
   at Microsoft.AspNetCore.Mvc.Infrastructure.ControllerActionInvoker.Next(State& next, Scope& scope, Object& state, Boolean& isCompleted)
   at Microsoft.AspNetCore.Mvc.Infrastructure.ControllerActionInvoker.<InvokeInnerFilterAsync>g__Awaited|13_0(ControllerActionInvoker invoker, Task lastTask, State next, Scope scope, Object state, Boolean isCompleted)
   at Microsoft.AspNetCore.Mvc.Infrastructure.ResourceInvoker.<InvokeNextExceptionFilterAsync>g__Awaited|25_0(ResourceInvoker invoker, Task lastTask, State next, Scope scope, Object state, Boolean isCompleted)
ClientConnectionId:bcc55adf-e8bc-4aa3-8b71-4133adf26f87
Error Number:207,State:1,Class:16 
2023-03-10 14:08:05.4264|ApiException|INFO|System.Data.SqlClient.SqlException (0x80131904): Invalid column name 'ScoreCardId'.
Invalid column name 'ScoreCardId'.
   at System.Data.SqlClient.SqlCommand.<>c.<ExecuteDbDataReaderAsync>b__126_0(Task`1 result)
   at System.Threading.Tasks.ContinuationResultTaskFromResultTask`2.InnerInvoke()
   at System.Threading.ExecutionContext.RunInternal(ExecutionContext executionContext, ContextCallback callback, Object state)
--- End of stack trace from previous location where exception was thrown ---
   at System.Threading.Tasks.Task.ExecuteWithThreadLocal(Task& currentTaskSlot, Thread threadPoolThread)
--- End of stack trace from previous location where exception was thrown ---
   at Dapper.SqlMapper.QueryAsync[T](IDbConnection cnn, Type effectiveType, CommandDefinition command) in C:\projects\dapper\Dapper\SqlMapper.Async.cs:line 419
   at BIPortalService.Utils.SqlUtil.QueryAsync[T](String sql, Object param, IDbTransaction transaction, Nullable`1 commandTimeout, Nullable`1 commandType, IDbConnection connection) in D:\work\svn\预警系统\cummins-datalake-service\BIPortalService\Utils\SqlUtil.cs:line 115
   at BIPortalService.DAL.RiskSystem.KpiDal.GetKpiList(String scoreCardId, String[] status) in D:\work\svn\预警系统\cummins-datalake-service\BIPortalService\DAL\RiskSystem\KpiDal.cs:line 77
   at BIPortalService.BLL.RiskSystem.KpiBll.GetKpiList(String scoreCardId, String status) in D:\work\svn\预警系统\cummins-datalake-service\BIPortalService\BLL\RiskSystem\KpiBll.cs:line 24
   at BIPortalService.Controllers.RiskSystem.KpiController.GetKpiList(String scoreCardId, String status) in D:\work\svn\预警系统\cummins-datalake-service\BIPortalService\Controllers\RiskSystem\KpiController.cs:line 19
   at Microsoft.AspNetCore.Mvc.Infrastructure.ActionMethodExecutor.TaskOfIActionResultExecutor.Execute(IActionResultTypeMapper mapper, ObjectMethodExecutor executor, Object controller, Object[] arguments)
   at Microsoft.AspNetCore.Mvc.Infrastructure.ControllerActionInvoker.<InvokeActionMethodAsync>g__Awaited|12_0(ControllerActionInvoker invoker, ValueTask`1 actionResultValueTask)
   at Microsoft.AspNetCore.Mvc.Infrastructure.ControllerActionInvoker.<InvokeNextActionFilterAsync>g__Awaited|10_0(ControllerActionInvoker invoker, Task lastTask, State next, Scope scope, Object state, Boolean isCompleted)
   at Microsoft.AspNetCore.Mvc.Infrastructure.ControllerActionInvoker.Rethrow(ActionExecutedContextSealed context)
   at Microsoft.AspNetCore.Mvc.Infrastructure.ControllerActionInvoker.Next(State& next, Scope& scope, Object& state, Boolean& isCompleted)
   at Microsoft.AspNetCore.Mvc.Infrastructure.ControllerActionInvoker.<InvokeInnerFilterAsync>g__Awaited|13_0(ControllerActionInvoker invoker, Task lastTask, State next, Scope scope, Object state, Boolean isCompleted)
   at Microsoft.AspNetCore.Mvc.Infrastructure.ResourceInvoker.<InvokeNextExceptionFilterAsync>g__Awaited|25_0(ResourceInvoker invoker, Task lastTask, State next, Scope scope, Object state, Boolean isCompleted)
ClientConnectionId:bcc55adf-e8bc-4aa3-8b71-4133adf26f87
Error Number:207,State:1,Class:16 
2023-03-10 14:08:07.7537|ApiException|INFO|System.Data.SqlClient.SqlException (0x80131904): Invalid column name 'ScoreCardId'.
Invalid column name 'ScoreCardId'.
   at System.Data.SqlClient.SqlCommand.<>c.<ExecuteDbDataReaderAsync>b__126_0(Task`1 result)
   at System.Threading.Tasks.ContinuationResultTaskFromResultTask`2.InnerInvoke()
   at System.Threading.ExecutionContext.RunInternal(ExecutionContext executionContext, ContextCallback callback, Object state)
--- End of stack trace from previous location where exception was thrown ---
   at System.Threading.Tasks.Task.ExecuteWithThreadLocal(Task& currentTaskSlot, Thread threadPoolThread)
--- End of stack trace from previous location where exception was thrown ---
   at Dapper.SqlMapper.QueryAsync[T](IDbConnection cnn, Type effectiveType, CommandDefinition command) in C:\projects\dapper\Dapper\SqlMapper.Async.cs:line 419
   at BIPortalService.Utils.SqlUtil.QueryAsync[T](String sql, Object param, IDbTransaction transaction, Nullable`1 commandTimeout, Nullable`1 commandType, IDbConnection connection) in D:\work\svn\预警系统\cummins-datalake-service\BIPortalService\Utils\SqlUtil.cs:line 115
   at BIPortalService.DAL.RiskSystem.KpiDal.GetKpiList(String scoreCardId, String[] status) in D:\work\svn\预警系统\cummins-datalake-service\BIPortalService\DAL\RiskSystem\KpiDal.cs:line 77
   at BIPortalService.BLL.RiskSystem.KpiBll.GetKpiList(String scoreCardId, String status) in D:\work\svn\预警系统\cummins-datalake-service\BIPortalService\BLL\RiskSystem\KpiBll.cs:line 24
   at BIPortalService.Controllers.RiskSystem.KpiController.GetKpiList(String scoreCardId, String status) in D:\work\svn\预警系统\cummins-datalake-service\BIPortalService\Controllers\RiskSystem\KpiController.cs:line 19
   at Microsoft.AspNetCore.Mvc.Infrastructure.ActionMethodExecutor.TaskOfIActionResultExecutor.Execute(IActionResultTypeMapper mapper, ObjectMethodExecutor executor, Object controller, Object[] arguments)
   at Microsoft.AspNetCore.Mvc.Infrastructure.ControllerActionInvoker.<InvokeActionMethodAsync>g__Awaited|12_0(ControllerActionInvoker invoker, ValueTask`1 actionResultValueTask)
   at Microsoft.AspNetCore.Mvc.Infrastructure.ControllerActionInvoker.<InvokeNextActionFilterAsync>g__Awaited|10_0(ControllerActionInvoker invoker, Task lastTask, State next, Scope scope, Object state, Boolean isCompleted)
   at Microsoft.AspNetCore.Mvc.Infrastructure.ControllerActionInvoker.Rethrow(ActionExecutedContextSealed context)
   at Microsoft.AspNetCore.Mvc.Infrastructure.ControllerActionInvoker.Next(State& next, Scope& scope, Object& state, Boolean& isCompleted)
   at Microsoft.AspNetCore.Mvc.Infrastructure.ControllerActionInvoker.<InvokeInnerFilterAsync>g__Awaited|13_0(ControllerActionInvoker invoker, Task lastTask, State next, Scope scope, Object state, Boolean isCompleted)
   at Microsoft.AspNetCore.Mvc.Infrastructure.ResourceInvoker.<InvokeNextExceptionFilterAsync>g__Awaited|25_0(ResourceInvoker invoker, Task lastTask, State next, Scope scope, Object state, Boolean isCompleted)
ClientConnectionId:bcc55adf-e8bc-4aa3-8b71-4133adf26f87
Error Number:207,State:1,Class:16 
2023-03-10 14:08:09.6865|ApiException|INFO|System.Data.SqlClient.SqlException (0x80131904): Invalid column name 'ScoreCardId'.
Invalid column name 'ScoreCardId'.
   at System.Data.SqlClient.SqlCommand.<>c.<ExecuteDbDataReaderAsync>b__126_0(Task`1 result)
   at System.Threading.Tasks.ContinuationResultTaskFromResultTask`2.InnerInvoke()
   at System.Threading.ExecutionContext.RunInternal(ExecutionContext executionContext, ContextCallback callback, Object state)
--- End of stack trace from previous location where exception was thrown ---
   at System.Threading.Tasks.Task.ExecuteWithThreadLocal(Task& currentTaskSlot, Thread threadPoolThread)
--- End of stack trace from previous location where exception was thrown ---
   at Dapper.SqlMapper.QueryAsync[T](IDbConnection cnn, Type effectiveType, CommandDefinition command) in C:\projects\dapper\Dapper\SqlMapper.Async.cs:line 419
   at BIPortalService.Utils.SqlUtil.QueryAsync[T](String sql, Object param, IDbTransaction transaction, Nullable`1 commandTimeout, Nullable`1 commandType, IDbConnection connection) in D:\work\svn\预警系统\cummins-datalake-service\BIPortalService\Utils\SqlUtil.cs:line 115
   at BIPortalService.DAL.RiskSystem.KpiDal.GetKpiList(String scoreCardId, String[] status) in D:\work\svn\预警系统\cummins-datalake-service\BIPortalService\DAL\RiskSystem\KpiDal.cs:line 77
   at BIPortalService.BLL.RiskSystem.KpiBll.GetKpiList(String scoreCardId, String status) in D:\work\svn\预警系统\cummins-datalake-service\BIPortalService\BLL\RiskSystem\KpiBll.cs:line 24
   at BIPortalService.Controllers.RiskSystem.KpiController.GetKpiList(String scoreCardId, String status) in D:\work\svn\预警系统\cummins-datalake-service\BIPortalService\Controllers\RiskSystem\KpiController.cs:line 19
   at Microsoft.AspNetCore.Mvc.Infrastructure.ActionMethodExecutor.TaskOfIActionResultExecutor.Execute(IActionResultTypeMapper mapper, ObjectMethodExecutor executor, Object controller, Object[] arguments)
   at Microsoft.AspNetCore.Mvc.Infrastructure.ControllerActionInvoker.<InvokeActionMethodAsync>g__Awaited|12_0(ControllerActionInvoker invoker, ValueTask`1 actionResultValueTask)
   at Microsoft.AspNetCore.Mvc.Infrastructure.ControllerActionInvoker.<InvokeNextActionFilterAsync>g__Awaited|10_0(ControllerActionInvoker invoker, Task lastTask, State next, Scope scope, Object state, Boolean isCompleted)
   at Microsoft.AspNetCore.Mvc.Infrastructure.ControllerActionInvoker.Rethrow(ActionExecutedContextSealed context)
   at Microsoft.AspNetCore.Mvc.Infrastructure.ControllerActionInvoker.Next(State& next, Scope& scope, Object& state, Boolean& isCompleted)
   at Microsoft.AspNetCore.Mvc.Infrastructure.ControllerActionInvoker.<InvokeInnerFilterAsync>g__Awaited|13_0(ControllerActionInvoker invoker, Task lastTask, State next, Scope scope, Object state, Boolean isCompleted)
   at Microsoft.AspNetCore.Mvc.Infrastructure.ResourceInvoker.<InvokeNextExceptionFilterAsync>g__Awaited|25_0(ResourceInvoker invoker, Task lastTask, State next, Scope scope, Object state, Boolean isCompleted)
ClientConnectionId:bcc55adf-e8bc-4aa3-8b71-4133adf26f87
Error Number:207,State:1,Class:16 
2023-03-10 14:08:10.8775|ApiException|INFO|System.Data.SqlClient.SqlException (0x80131904): Invalid column name 'ScoreCardId'.
Invalid column name 'ScoreCardId'.
   at System.Data.SqlClient.SqlCommand.<>c.<ExecuteDbDataReaderAsync>b__126_0(Task`1 result)
   at System.Threading.Tasks.ContinuationResultTaskFromResultTask`2.InnerInvoke()
   at System.Threading.ExecutionContext.RunInternal(ExecutionContext executionContext, ContextCallback callback, Object state)
--- End of stack trace from previous location where exception was thrown ---
   at System.Threading.Tasks.Task.ExecuteWithThreadLocal(Task& currentTaskSlot, Thread threadPoolThread)
--- End of stack trace from previous location where exception was thrown ---
   at Dapper.SqlMapper.QueryAsync[T](IDbConnection cnn, Type effectiveType, CommandDefinition command) in C:\projects\dapper\Dapper\SqlMapper.Async.cs:line 419
   at BIPortalService.Utils.SqlUtil.QueryAsync[T](String sql, Object param, IDbTransaction transaction, Nullable`1 commandTimeout, Nullable`1 commandType, IDbConnection connection) in D:\work\svn\预警系统\cummins-datalake-service\BIPortalService\Utils\SqlUtil.cs:line 115
   at BIPortalService.DAL.RiskSystem.KpiDal.GetKpiList(String scoreCardId, String[] status) in D:\work\svn\预警系统\cummins-datalake-service\BIPortalService\DAL\RiskSystem\KpiDal.cs:line 77
   at BIPortalService.BLL.RiskSystem.KpiBll.GetKpiList(String scoreCardId, String status) in D:\work\svn\预警系统\cummins-datalake-service\BIPortalService\BLL\RiskSystem\KpiBll.cs:line 24
   at BIPortalService.Controllers.RiskSystem.KpiController.GetKpiList(String scoreCardId, String status) in D:\work\svn\预警系统\cummins-datalake-service\BIPortalService\Controllers\RiskSystem\KpiController.cs:line 19
   at Microsoft.AspNetCore.Mvc.Infrastructure.ActionMethodExecutor.TaskOfIActionResultExecutor.Execute(IActionResultTypeMapper mapper, ObjectMethodExecutor executor, Object controller, Object[] arguments)
   at Microsoft.AspNetCore.Mvc.Infrastructure.ControllerActionInvoker.<InvokeActionMethodAsync>g__Awaited|12_0(ControllerActionInvoker invoker, ValueTask`1 actionResultValueTask)
   at Microsoft.AspNetCore.Mvc.Infrastructure.ControllerActionInvoker.<InvokeNextActionFilterAsync>g__Awaited|10_0(ControllerActionInvoker invoker, Task lastTask, State next, Scope scope, Object state, Boolean isCompleted)
   at Microsoft.AspNetCore.Mvc.Infrastructure.ControllerActionInvoker.Rethrow(ActionExecutedContextSealed context)
   at Microsoft.AspNetCore.Mvc.Infrastructure.ControllerActionInvoker.Next(State& next, Scope& scope, Object& state, Boolean& isCompleted)
   at Microsoft.AspNetCore.Mvc.Infrastructure.ControllerActionInvoker.<InvokeInnerFilterAsync>g__Awaited|13_0(ControllerActionInvoker invoker, Task lastTask, State next, Scope scope, Object state, Boolean isCompleted)
   at Microsoft.AspNetCore.Mvc.Infrastructure.ResourceInvoker.<InvokeNextExceptionFilterAsync>g__Awaited|25_0(ResourceInvoker invoker, Task lastTask, State next, Scope scope, Object state, Boolean isCompleted)
ClientConnectionId:bcc55adf-e8bc-4aa3-8b71-4133adf26f87
Error Number:207,State:1,Class:16 
2023-03-10 14:08:11.6893|ApiException|INFO|System.Data.SqlClient.SqlException (0x80131904): Invalid column name 'ScoreCardId'.
Invalid column name 'ScoreCardId'.
   at System.Data.SqlClient.SqlCommand.<>c.<ExecuteDbDataReaderAsync>b__126_0(Task`1 result)
   at System.Threading.Tasks.ContinuationResultTaskFromResultTask`2.InnerInvoke()
   at System.Threading.ExecutionContext.RunInternal(ExecutionContext executionContext, ContextCallback callback, Object state)
--- End of stack trace from previous location where exception was thrown ---
   at System.Threading.Tasks.Task.ExecuteWithThreadLocal(Task& currentTaskSlot, Thread threadPoolThread)
--- End of stack trace from previous location where exception was thrown ---
   at Dapper.SqlMapper.QueryAsync[T](IDbConnection cnn, Type effectiveType, CommandDefinition command) in C:\projects\dapper\Dapper\SqlMapper.Async.cs:line 419
   at BIPortalService.Utils.SqlUtil.QueryAsync[T](String sql, Object param, IDbTransaction transaction, Nullable`1 commandTimeout, Nullable`1 commandType, IDbConnection connection) in D:\work\svn\预警系统\cummins-datalake-service\BIPortalService\Utils\SqlUtil.cs:line 115
   at BIPortalService.DAL.RiskSystem.KpiDal.GetKpiList(String scoreCardId, String[] status) in D:\work\svn\预警系统\cummins-datalake-service\BIPortalService\DAL\RiskSystem\KpiDal.cs:line 77
   at BIPortalService.BLL.RiskSystem.KpiBll.GetKpiList(String scoreCardId, String status) in D:\work\svn\预警系统\cummins-datalake-service\BIPortalService\BLL\RiskSystem\KpiBll.cs:line 24
   at BIPortalService.Controllers.RiskSystem.KpiController.GetKpiList(String scoreCardId, String status) in D:\work\svn\预警系统\cummins-datalake-service\BIPortalService\Controllers\RiskSystem\KpiController.cs:line 19
   at Microsoft.AspNetCore.Mvc.Infrastructure.ActionMethodExecutor.TaskOfIActionResultExecutor.Execute(IActionResultTypeMapper mapper, ObjectMethodExecutor executor, Object controller, Object[] arguments)
   at Microsoft.AspNetCore.Mvc.Infrastructure.ControllerActionInvoker.<InvokeActionMethodAsync>g__Awaited|12_0(ControllerActionInvoker invoker, ValueTask`1 actionResultValueTask)
   at Microsoft.AspNetCore.Mvc.Infrastructure.ControllerActionInvoker.<InvokeNextActionFilterAsync>g__Awaited|10_0(ControllerActionInvoker invoker, Task lastTask, State next, Scope scope, Object state, Boolean isCompleted)
   at Microsoft.AspNetCore.Mvc.Infrastructure.ControllerActionInvoker.Rethrow(ActionExecutedContextSealed context)
   at Microsoft.AspNetCore.Mvc.Infrastructure.ControllerActionInvoker.Next(State& next, Scope& scope, Object& state, Boolean& isCompleted)
   at Microsoft.AspNetCore.Mvc.Infrastructure.ControllerActionInvoker.<InvokeInnerFilterAsync>g__Awaited|13_0(ControllerActionInvoker invoker, Task lastTask, State next, Scope scope, Object state, Boolean isCompleted)
   at Microsoft.AspNetCore.Mvc.Infrastructure.ResourceInvoker.<InvokeNextExceptionFilterAsync>g__Awaited|25_0(ResourceInvoker invoker, Task lastTask, State next, Scope scope, Object state, Boolean isCompleted)
ClientConnectionId:bcc55adf-e8bc-4aa3-8b71-4133adf26f87
Error Number:207,State:1,Class:16 
